This file contains any messages produced by compilers while
running configure, to aid debugging if configure makes a mistake.

It was created by yabool configure 1.0, which was
generated by GNU Autoconf 2.71.  Invocation command line was

  $ ./configure

## --------- ##
## Platform. ##
## --------- ##

hostname = asaeppel4231-ESPRIMO-P757
uname -m = x86_64
uname -r = 6.8.0-110-generic
uname -s = Linux
uname -v = #110-Ubuntu SMP PREEMPT_DYNAMIC Thu Mar 19 15:09:20 UTC 2026

/usr/bin/uname -p = x86_64
/bin/uname -X     = unknown

/bin/arch              = x86_64
/usr/bin/arch -k       = unknown
/usr/convex/getsysinfo = unknown
/usr/bin/hostinfo      = unknown
/bin/machine           = unknown
/usr/bin/oslevel       = unknown
/bin/universe          = unknown

PATH: /home/asaeppel4231/.local/bin/
PATH: /home/asaeppel4231/.local/bin/
PATH: /usr/local/sbin/
PATH: /usr/local/bin/
PATH: /usr/sbin/
PATH: /usr/bin/
PATH: /sbin/
PATH: /bin/
PATH: /usr/games/
PATH: /usr/local/games/
PATH: /snap/bin/
PATH: /snap/bin/
PATH: /home/asaeppel4231/go/bin/


## ----------- ##
## Core tests. ##
## ----------- ##

configure:1710: looking for aux files: missing install-sh
configure:1723:  trying ./
configure:1752:   ./missing found
configure:1734:   ./install-sh found
configure:1881: checking for a BSD-compatible install
configure:1954: result: /usr/bin/install -c
configure:1965: checking whether build environment is sane
configure:2020: result: yes
configure:2179: checking for a race-free mkdir -p
configure:2223: result: /usr/bin/mkdir -p
configure:2230: checking for gawk
configure:2251: found /usr/bin/gawk
configure:2262: result: gawk
configure:2273: checking whether make sets $(MAKE)
configure:2296: result: yes
configure:2326: checking whether make supports nested variables
configure:2344: result: yes
configure:2622: checking that generated files are newer than configure
configure:2628: result: done
configure:2636: creating ./config.status

## ---------------------- ##
## Running config.status. ##
## ---------------------- ##

This file was extended by yabool config.status 1.0, which was
generated by GNU Autoconf 2.71.  Invocation command line was

  CONFIG_FILES    = 
  CONFIG_HEADERS  = 
  CONFIG_LINKS    = 
  CONFIG_COMMANDS = 
  $ ./config.status 

on asaeppel4231-ESPRIMO-P757

config.status:740: creating Makefile
config.status:740: creating yabool.pc

## ---------------- ##
## Cache variables. ##
## ---------------- ##

ac_cv_env_build_alias_set=
ac_cv_env_build_alias_value=
ac_cv_env_host_alias_set=
ac_cv_env_host_alias_value=
ac_cv_env_target_alias_set=
ac_cv_env_target_alias_value=
ac_cv_path_install='/usr/bin/install -c'
ac_cv_path_mkdir=/usr/bin/mkdir
ac_cv_prog_AWK=gawk
ac_cv_prog_make_make_set=yes
am_cv_make_support_nested_variables=yes

## ----------------- ##
## Output variables. ##
## ----------------- ##

ACLOCAL='${SHELL} '\''/home/asaeppel4231/Dokumente/yabool/missing'\'' aclocal-1.16'
AMTAR='$${TAR-tar}'
AM_BACKSLASH='\'
AM_DEFAULT_V='$(AM_DEFAULT_VERBOSITY)'
AM_DEFAULT_VERBOSITY='1'
AM_V='$(V)'
AUTOCONF='${SHELL} '\''/home/asaeppel4231/Dokumente/yabool/missing'\'' autoconf'
AUTOHEADER='${SHELL} '\''/home/asaeppel4231/Dokumente/yabool/missing'\'' autoheader'
AUTOMAKE='${SHELL} '\''/home/asaeppel4231/Dokumente/yabool/missing'\'' automake-1.16'
AWK='gawk'
CSCOPE='cscope'
CTAGS='ctags'
CYGPATH_W='echo'
DEFS='-DPACKAGE_NAME=\"yabool\" -DPACKAGE_TARNAME=\"yabool\" -DPACKAGE_VERSION=\"1.0\" -DPACKAGE_STRING=\"yabool\ 1.0\" -DPACKAGE_BUGREPORT=\"asaeppel4231@gmx.de\" -DPACKAGE_URL=\"\" -DPACKAGE=\"yabool\" -DVERSION=\"1.0\"'
ECHO_C=''
ECHO_N='-n'
ECHO_T=''
ETAGS='etags'
INSTALL_DATA='${INSTALL} -m 644'
INSTALL_PROGRAM='${INSTALL}'
INSTALL_SCRIPT='${INSTALL}'
INSTALL_STRIP_PROGRAM='$(install_sh) -c -s'
LIBOBJS=''
LIBS=''
LTLIBOBJS=''
MAKEINFO='${SHELL} '\''/home/asaeppel4231/Dokumente/yabool/missing'\'' makeinfo'
MKDIR_P='/usr/bin/mkdir -p'
PACKAGE='yabool'
PACKAGE_BUGREPORT='asaeppel4231@gmx.de'
PACKAGE_NAME='yabool'
PACKAGE_STRING='yabool 1.0'
PACKAGE_TARNAME='yabool'
PACKAGE_URL=''
PACKAGE_VERSION='1.0'
PATH_SEPARATOR=':'
SET_MAKE=''
SHELL='/bin/bash'
STRIP=''
VERSION='1.0'
am__isrc=''
am__leading_dot='.'
am__tar='$${TAR-tar} chof - "$$tardir"'
am__untar='$${TAR-tar} xf -'
bindir='${exec_prefix}/bin'
build_alias=''
datadir='${datarootdir}'
datarootdir='${prefix}/share'
docdir='${datarootdir}/doc/${PACKAGE_TARNAME}'
dvidir='${docdir}'
exec_prefix='${prefix}'
host_alias=''
htmldir='${docdir}'
includedir='${prefix}/include'
infodir='${datarootdir}/info'
install_sh='${SHELL} /home/asaeppel4231/Dokumente/yabool/install-sh'
libdir='${exec_prefix}/lib'
libexecdir='${exec_prefix}/libexec'
localedir='${datarootdir}/locale'
localstatedir='${prefix}/var'
mandir='${datarootdir}/man'
mkdir_p='$(MKDIR_P)'
oldincludedir='/usr/include'
pdfdir='${docdir}'
prefix='/usr/local'
program_transform_name='s,x,x,'
psdir='${docdir}'
runstatedir='${localstatedir}/run'
sbindir='${exec_prefix}/sbin'
sharedstatedir='${prefix}/com'
sysconfdir='${prefix}/etc'
target_alias=''

## ----------- ##
## confdefs.h. ##
## ----------- ##

/* confdefs.h */
#define PACKAGE_NAME "yabool"
#define PACKAGE_TARNAME "yabool"
#define PACKAGE_VERSION "1.0"
#define PACKAGE_STRING "yabool 1.0"
#define PACKAGE_BUGREPORT "asaeppel4231@gmx.de"
#define PACKAGE_URL ""
#define PACKAGE "yabool"
#define VERSION "1.0"

configure: exit 0
